[2024/01/31 20:50:25] - <__main__.Args object at 0x146cf8b43580>
[2024/01/31 20:50:47] - Epoch 	 Train Time 	 Test Time 	 LR 	 	 Train Loss 	 Train Acc 	 Train Robust Loss 	 Train Robust Acc 	 Test Loss 	 Test Acc 	 Test Robust Loss 	 Test Robust Acc
[2024/01/31 20:51:03] - Task was destroyed but it is pending!
task: <Task pending name='Task-1' coro=<Kernel.poll_control_queue() running at /opt/conda/lib/python3.8/site-packages/ipykernel/kernelbase.py:273> wait_for=<Future finished result=<Future at 0x...state=pending>> cb=[_chain_future.<locals>._call_set_state() at /opt/conda/lib/python3.8/asyncio/futures.py:367]>
[2024/01/31 20:51:08] - <__main__.Args object at 0x14a1739e6ee0>
[2024/01/31 20:51:10] - Epoch 	 Train Time 	 Test Time 	 LR 	 	 Train Loss 	 Train Acc 	 Train Robust Loss 	 Train Robust Acc 	 Test Loss 	 Test Acc 	 Test Robust Loss 	 Test Robust Acc
[2024/01/31 20:52:29] - 0 	 67.2 	 	 12.2 	 	 0.1000 	 1.9858 	 0.2713 	 2.1642 	 	 0.1940 	 	 1.7467 	 0.3602 	 1.9797 	 	 0.2585
[2024/01/31 20:53:47] - 1 	 64.9 	 	 12.2 	 	 0.1000 	 1.7039 	 0.3890 	 1.9773 	 	 0.2616 	 	 1.6054 	 0.4612 	 1.8643 	 	 0.3022
[2024/01/31 20:54:10] - <__main__.Args object at 0x14a1c06f1fa0>
[2024/01/31 20:54:12] - Epoch 	 Train Time 	 Test Time 	 LR 	 	 Train Loss 	 Train Acc 	 Train Robust Loss 	 Train Robust Acc 	 Test Loss 	 Test Acc 	 Test Robust Loss 	 Test Robust Acc
[2024/01/31 20:55:31] - 0 	 67.1 	 	 12.2 	 	 0.1000 	 1.9826 	 0.2723 	 2.1626 	 	 0.1949 	 	 1.7506 	 0.3505 	 2.0005 	 	 0.2562
[2024/01/31 20:56:49] - 1 	 65.0 	 	 12.2 	 	 0.1000 	 1.7081 	 0.3856 	 1.9800 	 	 0.2604 	 	 1.6044 	 0.4515 	 1.8676 	 	 0.3005
[2024/01/31 20:58:08] - 2 	 65.5 	 	 12.2 	 	 0.1000 	 1.5896 	 0.4402 	 1.9059 	 	 0.2848 	 	 1.5692 	 0.4646 	 1.8459 	 	 0.3135
[2024/01/31 20:59:26] - 3 	 65.0 	 	 12.3 	 	 0.1000 	 1.4884 	 0.4856 	 1.8418 	 	 0.3049 	 	 1.3866 	 0.5330 	 1.7320 	 	 0.3494
[2024/01/31 21:00:45] - 4 	 65.1 	 	 12.3 	 	 0.1000 	 1.4056 	 0.5216 	 1.7901 	 	 0.3227 	 	 1.3173 	 0.5364 	 1.7084 	 	 0.3538
[2024/01/31 21:02:03] - 5 	 65.5 	 	 12.2 	 	 0.1000 	 1.3300 	 0.5601 	 1.7424 	 	 0.3440 	 	 1.2474 	 0.6013 	 1.6575 	 	 0.3621
[2024/01/31 21:03:21] - 6 	 65.1 	 	 12.2 	 	 0.1000 	 1.2705 	 0.5875 	 1.7026 	 	 0.3564 	 	 1.2001 	 0.6167 	 1.6244 	 	 0.4034
[2024/01/31 21:04:40] - 7 	 65.1 	 	 12.2 	 	 0.1000 	 1.2240 	 0.6083 	 1.6742 	 	 0.3690 	 	 1.1983 	 0.6114 	 1.6049 	 	 0.4059
[2024/01/31 21:06:06] - <__main__.Args object at 0x14ca93b050a0>
[2024/01/31 21:06:08] - Epoch 	 Train Time 	 Test Time 	 LR 	 	 Train Loss 	 Train Acc 	 Train Robust Loss 	 Train Robust Acc 	 Test Loss 	 Test Acc 	 Test Robust Loss 	 Test Robust Acc
[2024/01/31 21:07:27] - 0 	 66.8 	 	 12.2 	 	 0.1000 	 1.9863 	 0.2707 	 2.1639 	 	 0.1935 	 	 1.7499 	 0.3571 	 1.9882 	 	 0.2596
[2024/01/31 21:08:45] - 1 	 64.9 	 	 12.2 	 	 0.1000 	 1.7078 	 0.3857 	 1.9805 	 	 0.2602 	 	 1.5977 	 0.4597 	 1.8644 	 	 0.2984
[2024/01/31 21:15:28] - <__main__.Args object at 0x154514dabac0>
[2024/01/31 21:15:30] - Epoch 	 Train Time 	 Test Time 	 LR 	 	 Train Loss 	 Train Acc 	 Train Robust Loss 	 Train Robust Acc 	 Test Loss 	 Test Acc 	 Test Robust Loss 	 Test Robust Acc
[2024/01/31 21:16:50] - 0 	 67.2 	 	 12.3 	 	 0.1000 	 1.9848 	 0.2717 	 2.1631 	 	 0.1954 	 	 1.7418 	 0.3648 	 1.9771 	 	 0.2619
[2024/01/31 21:18:08] - 1 	 65.1 	 	 12.2 	 	 0.1000 	 1.7107 	 0.3852 	 1.9816 	 	 0.2594 	 	 1.6009 	 0.4576 	 1.8690 	 	 0.2978
[2024/01/31 21:19:25] - 2 	 65.0 	 	 12.2 	 	 0.1000 	 1.5901 	 0.4391 	 1.9063 	 	 0.2844 	 	 1.5625 	 0.4598 	 1.8421 	 	 0.3101
[2024/01/31 21:20:43] - 3 	 65.1 	 	 12.3 	 	 0.1000 	 1.4895 	 0.4851 	 1.8425 	 	 0.3061 	 	 1.3903 	 0.5296 	 1.7358 	 	 0.3465
[2024/01/31 21:22:01] - 4 	 65.0 	 	 12.2 	 	 0.1000 	 1.4087 	 0.5210 	 1.7921 	 	 0.3226 	 	 1.3232 	 0.5324 	 1.7123 	 	 0.3535
[2024/01/31 21:23:19] - 5 	 65.2 	 	 12.2 	 	 0.1000 	 1.3318 	 0.5589 	 1.7438 	 	 0.3443 	 	 1.2590 	 0.5947 	 1.6570 	 	 0.3648
[2024/01/31 21:24:36] - 6 	 65.0 	 	 12.3 	 	 0.1000 	 1.2735 	 0.5865 	 1.7051 	 	 0.3540 	 	 1.2112 	 0.6139 	 1.6265 	 	 0.4059
[2024/01/31 21:25:54] - 7 	 65.1 	 	 12.3 	 	 0.1000 	 1.2261 	 0.6078 	 1.6765 	 	 0.3683 	 	 1.2013 	 0.6064 	 1.6091 	 	 0.4024
[2024/01/31 21:27:12] - 8 	 65.2 	 	 12.2 	 	 0.1000 	 1.1828 	 0.6256 	 1.6464 	 	 0.3743 	 	 1.1619 	 0.6264 	 1.6015 	 	 0.3878
[2024/01/31 21:28:29] - 9 	 65.3 	 	 12.2 	 	 0.1000 	 1.1491 	 0.6426 	 1.6265 	 	 0.3828 	 	 1.1219 	 0.6470 	 1.5616 	 	 0.4149
[2024/01/31 21:29:48] - 10 	 65.1 	 	 12.3 	 	 0.1000 	 1.1254 	 0.6530 	 1.6113 	 	 0.3903 	 	 1.1353 	 0.6418 	 1.5482 	 	 0.4271
[2024/01/31 21:31:06] - 11 	 65.2 	 	 12.2 	 	 0.1000 	 1.1049 	 0.6617 	 1.5985 	 	 0.3968 	 	 1.0518 	 0.6590 	 1.5480 	 	 0.4224
[2024/01/31 21:32:23] - 12 	 64.9 	 	 12.2 	 	 0.1000 	 1.0819 	 0.6718 	 1.5819 	 	 0.4022 	 	 1.0779 	 0.6738 	 1.5332 	 	 0.4292
[2024/01/31 21:33:41] - 13 	 65.0 	 	 12.2 	 	 0.1000 	 1.0644 	 0.6803 	 1.5696 	 	 0.4068 	 	 1.0293 	 0.6701 	 1.5187 	 	 0.4277
[2024/01/31 21:34:58] - 14 	 65.1 	 	 12.3 	 	 0.1000 	 1.0422 	 0.6900 	 1.5537 	 	 0.4115 	 	 1.0459 	 0.6698 	 1.5339 	 	 0.4201
[2024/01/31 21:36:16] - 15 	 65.3 	 	 12.3 	 	 0.1000 	 1.0257 	 0.6968 	 1.5416 	 	 0.4170 	 	 1.0273 	 0.6722 	 1.5217 	 	 0.4248
[2024/01/31 21:37:33] - 16 	 65.3 	 	 12.2 	 	 0.1000 	 1.0152 	 0.6996 	 1.5352 	 	 0.4182 	 	 1.0074 	 0.6843 	 1.5056 	 	 0.4263
[2024/01/31 21:38:50] - 17 	 65.1 	 	 12.2 	 	 0.1000 	 1.0072 	 0.7035 	 1.5292 	 	 0.4192 	 	 1.0175 	 0.6723 	 1.5069 	 	 0.4343
[2024/01/31 21:40:08] - 18 	 65.0 	 	 12.3 	 	 0.1000 	 0.9940 	 0.7043 	 1.5183 	 	 0.4237 	 	 1.0240 	 0.6587 	 1.5194 	 	 0.4238
[2024/01/31 21:41:25] - 19 	 65.0 	 	 12.2 	 	 0.1000 	 0.9826 	 0.7146 	 1.5114 	 	 0.4270 	 	 0.9993 	 0.6786 	 1.4994 	 	 0.4405
[2024/01/31 21:42:44] - 20 	 64.9 	 	 12.2 	 	 0.1000 	 0.9716 	 0.7150 	 1.5006 	 	 0.4325 	 	 0.9516 	 0.6828 	 1.4726 	 	 0.4491
[2024/01/31 21:44:02] - 21 	 65.0 	 	 12.3 	 	 0.1000 	 0.9652 	 0.7180 	 1.4969 	 	 0.4335 	 	 0.9731 	 0.7069 	 1.4632 	 	 0.4567
[2024/01/31 21:45:20] - 22 	 65.5 	 	 12.2 	 	 0.1000 	 0.9555 	 0.7250 	 1.4924 	 	 0.4336 	 	 0.9729 	 0.6987 	 1.4866 	 	 0.4374
[2024/01/31 21:46:37] - 23 	 65.0 	 	 12.2 	 	 0.1000 	 0.9507 	 0.7257 	 1.4875 	 	 0.4368 	 	 0.9163 	 0.7100 	 1.4949 	 	 0.4348
[2024/01/31 21:47:54] - 24 	 65.1 	 	 12.3 	 	 0.1000 	 0.9484 	 0.7278 	 1.4867 	 	 0.4373 	 	 0.9486 	 0.6980 	 1.4959 	 	 0.4453
[2024/01/31 21:49:12] - 25 	 65.0 	 	 12.2 	 	 0.1000 	 0.9342 	 0.7350 	 1.4780 	 	 0.4382 	 	 0.9183 	 0.7249 	 1.4774 	 	 0.4447
[2024/01/31 21:50:29] - 26 	 64.9 	 	 12.3 	 	 0.1000 	 0.9336 	 0.7339 	 1.4760 	 	 0.4377 	 	 0.9361 	 0.6921 	 1.4750 	 	 0.4403
[2024/01/31 21:51:46] - 27 	 65.0 	 	 12.3 	 	 0.1000 	 0.9280 	 0.7364 	 1.4714 	 	 0.4414 	 	 0.9275 	 0.7111 	 1.4544 	 	 0.4541
[2024/01/31 21:53:03] - 28 	 65.1 	 	 12.2 	 	 0.1000 	 0.9221 	 0.7406 	 1.4674 	 	 0.4433 	 	 0.9161 	 0.7194 	 1.4697 	 	 0.4431
[2024/01/31 21:54:20] - 29 	 64.9 	 	 12.2 	 	 0.1000 	 0.9205 	 0.7391 	 1.4646 	 	 0.4455 	 	 0.9210 	 0.7170 	 1.4528 	 	 0.4597
[2024/01/31 21:55:39] - 30 	 65.3 	 	 12.3 	 	 0.1000 	 0.9121 	 0.7422 	 1.4603 	 	 0.4456 	 	 0.8870 	 0.7375 	 1.4508 	 	 0.4597
[2024/01/31 21:56:57] - 31 	 65.2 	 	 12.2 	 	 0.1000 	 0.9076 	 0.7457 	 1.4569 	 	 0.4423 	 	 1.0075 	 0.7008 	 1.4993 	 	 0.4420
[2024/01/31 21:58:15] - 32 	 65.4 	 	 12.2 	 	 0.1000 	 0.9075 	 0.7451 	 1.4556 	 	 0.4456 	 	 0.9156 	 0.7355 	 1.4413 	 	 0.4553
[2024/01/31 21:59:32] - 33 	 65.1 	 	 12.3 	 	 0.1000 	 0.9007 	 0.7482 	 1.4504 	 	 0.4489 	 	 0.9464 	 0.7033 	 1.4961 	 	 0.4371
[2024/01/31 22:00:49] - 34 	 65.0 	 	 12.2 	 	 0.1000 	 0.8970 	 0.7482 	 1.4482 	 	 0.4501 	 	 0.9482 	 0.6958 	 1.4821 	 	 0.4415
[2024/01/31 22:02:06] - 35 	 65.0 	 	 12.2 	 	 0.1000 	 0.8965 	 0.7487 	 1.4473 	 	 0.4504 	 	 0.8873 	 0.7178 	 1.4687 	 	 0.4439
[2024/01/31 22:03:24] - 36 	 65.0 	 	 12.2 	 	 0.1000 	 0.8949 	 0.7486 	 1.4445 	 	 0.4513 	 	 0.9601 	 0.7022 	 1.4670 	 	 0.4504
[2024/01/31 22:04:41] - 37 	 64.9 	 	 12.2 	 	 0.1000 	 0.8899 	 0.7513 	 1.4424 	 	 0.4507 	 	 0.9604 	 0.7214 	 1.4664 	 	 0.4555
[2024/01/31 22:05:58] - 38 	 65.1 	 	 12.2 	 	 0.1000 	 0.8807 	 0.7580 	 1.4353 	 	 0.4546 	 	 0.9189 	 0.6972 	 1.4530 	 	 0.4509
[2024/01/31 22:07:15] - 39 	 65.1 	 	 12.3 	 	 0.1000 	 0.8859 	 0.7547 	 1.4407 	 	 0.4524 	 	 0.9211 	 0.7502 	 1.4397 	 	 0.4703
[2024/01/31 22:08:34] - 40 	 65.2 	 	 12.2 	 	 0.1000 	 0.8834 	 0.7565 	 1.4386 	 	 0.4517 	 	 0.8843 	 0.7219 	 1.4565 	 	 0.4564
[2024/01/31 22:09:52] - 41 	 65.1 	 	 12.2 	 	 0.1000 	 0.8763 	 0.7587 	 1.4331 	 	 0.4548 	 	 0.8761 	 0.7511 	 1.4348 	 	 0.4613
[2024/01/31 22:11:09] - 42 	 65.1 	 	 12.3 	 	 0.1000 	 0.8753 	 0.7575 	 1.4324 	 	 0.4549 	 	 0.9054 	 0.7180 	 1.4384 	 	 0.4621
[2024/01/31 22:12:26] - 43 	 65.0 	 	 12.2 	 	 0.1000 	 0.8736 	 0.7592 	 1.4293 	 	 0.4554 	 	 0.8585 	 0.7421 	 1.4361 	 	 0.4591
[2024/01/31 22:13:43] - 44 	 65.0 	 	 12.2 	 	 0.1000 	 0.8762 	 0.7576 	 1.4343 	 	 0.4546 	 	 0.8559 	 0.7382 	 1.4192 	 	 0.4670
[2024/01/31 22:15:01] - 45 	 65.0 	 	 12.3 	 	 0.1000 	 0.8728 	 0.7570 	 1.4296 	 	 0.4588 	 	 0.9362 	 0.7108 	 1.4539 	 	 0.4565
[2024/01/31 22:16:18] - 46 	 65.0 	 	 12.2 	 	 0.1000 	 0.8716 	 0.7595 	 1.4303 	 	 0.4544 	 	 0.8914 	 0.7502 	 1.4247 	 	 0.4658
[2024/01/31 22:17:35] - 47 	 65.3 	 	 12.2 	 	 0.1000 	 0.8700 	 0.7619 	 1.4286 	 	 0.4564 	 	 0.9101 	 0.7186 	 1.4342 	 	 0.4584
[2024/01/31 22:18:53] - 48 	 65.0 	 	 12.3 	 	 0.1000 	 0.8668 	 0.7633 	 1.4278 	 	 0.4569 	 	 0.8854 	 0.7250 	 1.4610 	 	 0.4423
[2024/01/31 22:20:10] - 49 	 65.3 	 	 12.2 	 	 0.1000 	 0.8658 	 0.7607 	 1.4232 	 	 0.4574 	 	 0.8469 	 0.7215 	 1.4314 	 	 0.4602
[2024/01/31 22:21:29] - 50 	 65.4 	 	 12.2 	 	 0.1000 	 0.8599 	 0.7649 	 1.4213 	 	 0.4583 	 	 0.8787 	 0.7398 	 1.4289 	 	 0.4614
[2024/01/31 22:22:46] - 51 	 65.1 	 	 12.2 	 	 0.1000 	 0.8558 	 0.7661 	 1.4184 	 	 0.4588 	 	 0.9083 	 0.7204 	 1.4561 	 	 0.4525
[2024/01/31 22:24:03] - 52 	 65.0 	 	 12.3 	 	 0.1000 	 0.8578 	 0.7660 	 1.4198 	 	 0.4601 	 	 0.8575 	 0.7374 	 1.4232 	 	 0.4639
[2024/01/31 22:25:21] - 53 	 65.5 	 	 12.2 	 	 0.1000 	 0.8569 	 0.7657 	 1.4172 	 	 0.4618 	 	 0.8657 	 0.7471 	 1.4485 	 	 0.4570
[2024/01/31 22:26:39] - 54 	 65.3 	 	 12.2 	 	 0.1000 	 0.8564 	 0.7680 	 1.4166 	 	 0.4587 	 	 0.8637 	 0.7225 	 1.4369 	 	 0.4609
[2024/01/31 22:27:56] - 55 	 65.1 	 	 12.3 	 	 0.1000 	 0.8529 	 0.7689 	 1.4165 	 	 0.4623 	 	 0.8693 	 0.7445 	 1.4434 	 	 0.4562
[2024/01/31 22:29:13] - 56 	 65.0 	 	 12.2 	 	 0.1000 	 0.8512 	 0.7679 	 1.4147 	 	 0.4646 	 	 0.8694 	 0.7331 	 1.4263 	 	 0.4537
[2024/01/31 22:30:31] - 57 	 65.4 	 	 12.2 	 	 0.1000 	 0.8499 	 0.7685 	 1.4138 	 	 0.4621 	 	 0.8705 	 0.7438 	 1.4257 	 	 0.4683
[2024/01/31 22:31:48] - 58 	 65.1 	 	 12.3 	 	 0.1000 	 0.8516 	 0.7669 	 1.4160 	 	 0.4618 	 	 0.8804 	 0.7288 	 1.4357 	 	 0.4646
[2024/01/31 22:33:06] - 59 	 65.1 	 	 12.2 	 	 0.1000 	 0.8469 	 0.7690 	 1.4102 	 	 0.4651 	 	 0.8670 	 0.7341 	 1.4271 	 	 0.4619
[2024/01/31 22:34:24] - 60 	 65.0 	 	 12.2 	 	 0.1000 	 0.8449 	 0.7695 	 1.4081 	 	 0.4654 	 	 0.8710 	 0.7306 	 1.4319 	 	 0.4619
[2024/01/31 22:35:41] - 61 	 65.5 	 	 12.3 	 	 0.1000 	 0.8481 	 0.7682 	 1.4133 	 	 0.4616 	 	 0.8934 	 0.7370 	 1.4441 	 	 0.4571
[2024/01/31 22:36:59] - 62 	 65.7 	 	 12.2 	 	 0.1000 	 0.8491 	 0.7688 	 1.4139 	 	 0.4615 	 	 0.8663 	 0.7396 	 1.4237 	 	 0.4672
[2024/01/31 22:38:17] - 63 	 65.0 	 	 12.2 	 	 0.1000 	 0.8401 	 0.7731 	 1.4052 	 	 0.4657 	 	 0.9101 	 0.7367 	 1.4289 	 	 0.4723
[2024/01/31 22:39:34] - 64 	 65.1 	 	 12.3 	 	 0.1000 	 0.8427 	 0.7720 	 1.4081 	 	 0.4628 	 	 0.8522 	 0.7433 	 1.4196 	 	 0.4653
[2024/01/31 22:40:52] - 65 	 64.9 	 	 12.3 	 	 0.1000 	 0.8358 	 0.7747 	 1.4024 	 	 0.4662 	 	 0.8802 	 0.7358 	 1.4754 	 	 0.4468
[2024/01/31 22:42:09] - 66 	 65.0 	 	 12.2 	 	 0.1000 	 0.8406 	 0.7716 	 1.4049 	 	 0.4646 	 	 0.8446 	 0.7476 	 1.4289 	 	 0.4653
[2024/01/31 22:43:26] - 67 	 65.2 	 	 12.2 	 	 0.1000 	 0.8360 	 0.7737 	 1.4044 	 	 0.4627 	 	 0.8760 	 0.7364 	 1.4221 	 	 0.4694
[2024/01/31 22:44:44] - 68 	 65.0 	 	 12.3 	 	 0.1000 	 0.8411 	 0.7717 	 1.4051 	 	 0.4651 	 	 0.8785 	 0.7356 	 1.4390 	 	 0.4634
[2024/01/31 22:46:01] - 69 	 65.0 	 	 12.2 	 	 0.1000 	 0.8354 	 0.7755 	 1.4010 	 	 0.4679 	 	 0.8740 	 0.7388 	 1.4127 	 	 0.4663
[2024/01/31 22:47:19] - 70 	 65.0 	 	 12.2 	 	 0.1000 	 0.8377 	 0.7732 	 1.4036 	 	 0.4642 	 	 0.8435 	 0.7581 	 1.4296 	 	 0.4653
[2024/01/31 22:48:36] - 71 	 65.1 	 	 12.3 	 	 0.1000 	 0.8329 	 0.7747 	 1.4020 	 	 0.4663 	 	 0.8408 	 0.7498 	 1.4177 	 	 0.4609
[2024/01/31 22:49:53] - 72 	 65.0 	 	 12.2 	 	 0.1000 	 0.8315 	 0.7768 	 1.3981 	 	 0.4691 	 	 0.8676 	 0.7355 	 1.4403 	 	 0.4563
[2024/01/31 22:51:11] - 73 	 65.0 	 	 12.2 	 	 0.1000 	 0.8332 	 0.7770 	 1.4034 	 	 0.4662 	 	 0.8896 	 0.7173 	 1.4232 	 	 0.4639
[2024/01/31 22:52:28] - 74 	 64.9 	 	 12.2 	 	 0.1000 	 0.8363 	 0.7732 	 1.4042 	 	 0.4639 	 	 0.9115 	 0.7394 	 1.4432 	 	 0.4660
[2024/01/31 22:53:45] - 75 	 65.1 	 	 12.3 	 	 0.1000 	 0.8326 	 0.7772 	 1.3987 	 	 0.4670 	 	 0.8285 	 0.7618 	 1.4001 	 	 0.4773
[2024/01/31 22:55:03] - 76 	 65.0 	 	 12.2 	 	 0.1000 	 0.8420 	 0.7725 	 1.4068 	 	 0.4633 	 	 0.8668 	 0.7480 	 1.4102 	 	 0.4767
[2024/01/31 22:56:20] - 77 	 64.9 	 	 12.2 	 	 0.1000 	 0.8351 	 0.7753 	 1.4024 	 	 0.4654 	 	 0.8511 	 0.7409 	 1.4153 	 	 0.4682
[2024/01/31 22:57:37] - 78 	 65.0 	 	 12.3 	 	 0.1000 	 0.8296 	 0.7774 	 1.3993 	 	 0.4661 	 	 0.8616 	 0.7565 	 1.4021 	 	 0.4788
[2024/01/31 22:58:55] - 79 	 64.9 	 	 12.3 	 	 0.1000 	 0.8287 	 0.7774 	 1.3955 	 	 0.4689 	 	 0.9029 	 0.7219 	 1.4421 	 	 0.4576
[2024/01/31 23:00:13] - 80 	 65.1 	 	 12.2 	 	 0.1000 	 0.8329 	 0.7779 	 1.4019 	 	 0.4669 	 	 0.8465 	 0.7600 	 1.4223 	 	 0.4661
[2024/01/31 23:01:30] - 81 	 65.0 	 	 12.2 	 	 0.1000 	 0.8310 	 0.7770 	 1.4001 	 	 0.4657 	 	 0.8744 	 0.7433 	 1.4238 	 	 0.4589
[2024/01/31 23:02:48] - 82 	 65.0 	 	 12.3 	 	 0.1000 	 0.8339 	 0.7773 	 1.4018 	 	 0.4658 	 	 0.8587 	 0.7355 	 1.4189 	 	 0.4609
[2024/01/31 23:04:05] - 83 	 65.1 	 	 12.2 	 	 0.1000 	 0.8244 	 0.7790 	 1.3950 	 	 0.4679 	 	 0.8703 	 0.7302 	 1.4293 	 	 0.4602
[2024/01/31 23:05:22] - 84 	 65.0 	 	 12.2 	 	 0.1000 	 0.8233 	 0.7819 	 1.3939 	 	 0.4663 	 	 0.8590 	 0.7538 	 1.4444 	 	 0.4546
[2024/01/31 23:06:40] - 85 	 65.1 	 	 12.4 	 	 0.1000 	 0.8265 	 0.7801 	 1.3962 	 	 0.4688 	 	 0.8673 	 0.7436 	 1.4150 	 	 0.4745
[2024/01/31 23:07:58] - 86 	 65.7 	 	 12.3 	 	 0.1000 	 0.8242 	 0.7791 	 1.3944 	 	 0.4712 	 	 0.8280 	 0.7507 	 1.4297 	 	 0.4565
[2024/01/31 23:09:16] - 87 	 65.9 	 	 12.3 	 	 0.1000 	 0.8278 	 0.7766 	 1.3974 	 	 0.4655 	 	 0.8362 	 0.7612 	 1.4044 	 	 0.4780
[2024/01/31 23:09:54] - <__main__.Args object at 0x15333c375070>
[2024/01/31 23:09:57] - Epoch 	 Train Time 	 Test Time 	 LR 	 	 Train Loss 	 Train Acc 	 Train Robust Loss 	 Train Robust Acc 	 Test Loss 	 Test Acc 	 Test Robust Loss 	 Test Robust Acc
[2024/01/31 23:11:17] - 0 	 67.6 	 	 12.4 	 	 0.1000 	 1.9862 	 0.2714 	 2.1648 	 	 0.1959 	 	 1.7487 	 0.3581 	 1.9838 	 	 0.2614
[2024/01/31 23:12:36] - 1 	 65.8 	 	 12.3 	 	 0.1000 	 1.7064 	 0.3867 	 1.9792 	 	 0.2595 	 	 1.6033 	 0.4545 	 1.8683 	 	 0.2976
[2024/01/31 23:13:53] - 2 	 65.0 	 	 12.3 	 	 0.1000 	 1.5869 	 0.4427 	 1.9043 	 	 0.2846 	 	 1.5554 	 0.4652 	 1.8413 	 	 0.3138
[2024/01/31 23:15:12] - 3 	 65.9 	 	 12.4 	 	 0.1000 	 1.4861 	 0.4863 	 1.8405 	 	 0.3066 	 	 1.3904 	 0.5329 	 1.7351 	 	 0.3498
[2024/01/31 23:16:30] - 4 	 65.2 	 	 12.4 	 	 0.1000 	 1.4055 	 0.5226 	 1.7901 	 	 0.3215 	 	 1.3190 	 0.5322 	 1.7108 	 	 0.3536
[2024/01/31 23:17:48] - 5 	 65.1 	 	 12.3 	 	 0.1000 	 1.3298 	 0.5584 	 1.7422 	 	 0.3435 	 	 1.2527 	 0.5945 	 1.6594 	 	 0.3631
[2024/01/31 23:19:06] - 6 	 65.1 	 	 12.3 	 	 0.1000 	 1.2695 	 0.5880 	 1.7026 	 	 0.3556 	 	 1.2049 	 0.6179 	 1.6208 	 	 0.4064
[2024/01/31 23:20:24] - 7 	 65.1 	 	 12.4 	 	 0.1000 	 1.2220 	 0.6099 	 1.6735 	 	 0.3690 	 	 1.1985 	 0.6074 	 1.6048 	 	 0.4042
[2024/01/31 23:21:42] - 8 	 65.3 	 	 12.3 	 	 0.1000 	 1.1778 	 0.6279 	 1.6432 	 	 0.3766 	 	 1.1649 	 0.6218 	 1.6012 	 	 0.3925
[2024/01/31 23:22:59] - 9 	 65.1 	 	 12.4 	 	 0.1000 	 1.1481 	 0.6436 	 1.6258 	 	 0.3840 	 	 1.1147 	 0.6491 	 1.5583 	 	 0.4164
[2024/01/31 23:24:18] - 10 	 65.1 	 	 12.4 	 	 0.1000 	 1.1241 	 0.6531 	 1.6101 	 	 0.3905 	 	 1.1400 	 0.6443 	 1.5557 	 	 0.4275
[2024/01/31 23:25:37] - 11 	 65.7 	 	 12.5 	 	 0.1000 	 1.1031 	 0.6612 	 1.5963 	 	 0.3984 	 	 1.0576 	 0.6551 	 1.5481 	 	 0.4194
[2024/01/31 23:26:55] - 12 	 65.9 	 	 12.6 	 	 0.1000 	 1.0810 	 0.6717 	 1.5809 	 	 0.4018 	 	 1.0768 	 0.6771 	 1.5248 	 	 0.4343
[2024/01/31 23:28:13] - 13 	 65.2 	 	 12.4 	 	 0.1000 	 1.0663 	 0.6799 	 1.5694 	 	 0.4080 	 	 1.0309 	 0.6664 	 1.5301 	 	 0.4211
[2024/01/31 23:29:31] - 14 	 65.5 	 	 12.3 	 	 0.1000 	 1.0436 	 0.6891 	 1.5540 	 	 0.4106 	 	 1.0586 	 0.6679 	 1.5445 	 	 0.4182
[2024/01/31 23:30:49] - 15 	 65.2 	 	 12.4 	 	 0.1000 	 1.0261 	 0.6956 	 1.5412 	 	 0.4166 	 	 1.0280 	 0.6762 	 1.5209 	 	 0.4251
[2024/01/31 23:32:07] - 16 	 65.4 	 	 12.4 	 	 0.1000 	 1.0157 	 0.6997 	 1.5344 	 	 0.4195 	 	 1.0027 	 0.6843 	 1.4947 	 	 0.4306
[2024/01/31 23:33:24] - 17 	 65.3 	 	 12.4 	 	 0.1000 	 1.0080 	 0.7024 	 1.5286 	 	 0.4185 	 	 1.0237 	 0.6658 	 1.5082 	 	 0.4298
[2024/01/31 23:34:42] - 18 	 65.8 	 	 12.4 	 	 0.1000 	 0.9950 	 0.7055 	 1.5184 	 	 0.4247 	 	 1.0324 	 0.6545 	 1.5218 	 	 0.4220
[2024/01/31 23:36:00] - 19 	 64.9 	 	 12.4 	 	 0.1000 	 0.9836 	 0.7139 	 1.5118 	 	 0.4273 	 	 1.0070 	 0.6805 	 1.5093 	 	 0.4384
[2024/01/31 23:37:19] - 20 	 65.2 	 	 12.3 	 	 0.1000 	 0.9727 	 0.7157 	 1.5016 	 	 0.4297 	 	 0.9560 	 0.6806 	 1.4765 	 	 0.4507
[2024/01/31 23:38:37] - 21 	 65.3 	 	 12.3 	 	 0.1000 	 0.9659 	 0.7184 	 1.4969 	 	 0.4350 	 	 0.9719 	 0.7026 	 1.4563 	 	 0.4614
[2024/01/31 23:39:55] - 22 	 65.2 	 	 12.3 	 	 0.1000 	 0.9574 	 0.7259 	 1.4925 	 	 0.4346 	 	 0.9737 	 0.6984 	 1.4906 	 	 0.4385
[2024/01/31 23:41:12] - 23 	 65.2 	 	 12.3 	 	 0.1000 	 0.9524 	 0.7239 	 1.4886 	 	 0.4347 	 	 0.9248 	 0.7119 	 1.4973 	 	 0.4342
[2024/01/31 23:42:30] - 24 	 65.1 	 	 12.3 	 	 0.1000 	 0.9491 	 0.7284 	 1.4856 	 	 0.4372 	 	 0.9364 	 0.6997 	 1.4801 	 	 0.4503
[2024/01/31 23:43:47] - 25 	 65.2 	 	 12.4 	 	 0.1000 	 0.9344 	 0.7347 	 1.4773 	 	 0.4400 	 	 0.9160 	 0.7272 	 1.4716 	 	 0.4453
[2024/01/31 23:45:05] - 26 	 65.1 	 	 12.3 	 	 0.1000 	 0.9357 	 0.7298 	 1.4763 	 	 0.4386 	 	 0.9317 	 0.6974 	 1.4710 	 	 0.4453
[2024/01/31 23:46:22] - 27 	 65.2 	 	 12.3 	 	 0.1000 	 0.9276 	 0.7351 	 1.4691 	 	 0.4423 	 	 0.9155 	 0.7200 	 1.4500 	 	 0.4590
[2024/01/31 23:47:40] - 28 	 65.1 	 	 12.4 	 	 0.1000 	 0.9234 	 0.7377 	 1.4667 	 	 0.4434 	 	 0.9200 	 0.7213 	 1.4583 	 	 0.4471
[2024/01/31 23:48:57] - 29 	 65.0 	 	 12.3 	 	 0.1000 	 0.9218 	 0.7381 	 1.4650 	 	 0.4442 	 	 0.9221 	 0.7192 	 1.4572 	 	 0.4542
[2024/01/31 23:50:15] - 30 	 65.1 	 	 12.3 	 	 0.1000 	 0.9115 	 0.7425 	 1.4578 	 	 0.4462 	 	 0.8891 	 0.7359 	 1.4589 	 	 0.4516
[2024/01/31 23:51:32] - 31 	 65.0 	 	 12.3 	 	 0.1000 	 0.9079 	 0.7464 	 1.4572 	 	 0.4439 	 	 0.9908 	 0.7024 	 1.4840 	 	 0.4478
[2024/01/31 23:52:50] - 32 	 65.0 	 	 12.3 	 	 0.1000 	 0.9070 	 0.7440 	 1.4546 	 	 0.4471 	 	 0.9111 	 0.7395 	 1.4340 	 	 0.4642
[2024/01/31 23:54:08] - 33 	 65.1 	 	 12.3 	 	 0.1000 	 0.8996 	 0.7491 	 1.4491 	 	 0.4504 	 	 0.9446 	 0.7083 	 1.4923 	 	 0.4380
[2024/01/31 23:55:25] - 34 	 64.9 	 	 12.3 	 	 0.1000 	 0.8983 	 0.7468 	 1.4485 	 	 0.4491 	 	 0.9432 	 0.7015 	 1.4725 	 	 0.4482
[2024/01/31 23:56:42] - 35 	 65.1 	 	 12.3 	 	 0.1000 	 0.8984 	 0.7477 	 1.4470 	 	 0.4503 	 	 0.8952 	 0.7136 	 1.4683 	 	 0.4408
[2024/01/31 23:58:00] - 36 	 65.1 	 	 12.3 	 	 0.1000 	 0.8934 	 0.7505 	 1.4437 	 	 0.4516 	 	 0.9728 	 0.6944 	 1.4819 	 	 0.4483
[2024/01/31 23:59:17] - 37 	 64.9 	 	 12.3 	 	 0.1000 	 0.8903 	 0.7500 	 1.4417 	 	 0.4506 	 	 0.9651 	 0.7184 	 1.4724 	 	 0.4569
[2024/02/01 00:00:34] - 38 	 65.0 	 	 12.4 	 	 0.1000 	 0.8801 	 0.7590 	 1.4345 	 	 0.4542 	 	 0.9172 	 0.7031 	 1.4498 	 	 0.4524
[2024/02/01 00:01:52] - 39 	 65.0 	 	 12.3 	 	 0.1000 	 0.8852 	 0.7530 	 1.4400 	 	 0.4530 	 	 0.9265 	 0.7458 	 1.4414 	 	 0.4676
[2024/02/01 00:03:10] - 40 	 65.0 	 	 12.3 	 	 0.1000 	 0.8803 	 0.7591 	 1.4359 	 	 0.4532 	 	 0.8729 	 0.7337 	 1.4474 	 	 0.4562
[2024/02/01 00:04:28] - 41 	 65.7 	 	 12.3 	 	 0.1000 	 0.8766 	 0.7612 	 1.4331 	 	 0.4547 	 	 0.8724 	 0.7489 	 1.4340 	 	 0.4564
[2024/02/01 00:05:46] - 42 	 65.1 	 	 12.3 	 	 0.1000 	 0.8733 	 0.7596 	 1.4303 	 	 0.4567 	 	 0.9179 	 0.7170 	 1.4424 	 	 0.4634
[2024/02/01 00:07:03] - 43 	 65.0 	 	 12.3 	 	 0.1000 	 0.8710 	 0.7606 	 1.4273 	 	 0.4556 	 	 0.8637 	 0.7403 	 1.4287 	 	 0.4595
[2024/02/01 00:08:20] - 44 	 65.0 	 	 12.3 	 	 0.1000 	 0.8728 	 0.7578 	 1.4312 	 	 0.4554 	 	 0.8540 	 0.7408 	 1.4293 	 	 0.4604
[2024/02/01 00:09:38] - 45 	 65.4 	 	 12.3 	 	 0.1000 	 0.8734 	 0.7579 	 1.4299 	 	 0.4553 	 	 0.9212 	 0.7149 	 1.4514 	 	 0.4538
[2024/02/01 00:10:56] - 46 	 65.2 	 	 12.4 	 	 0.1000 	 0.8718 	 0.7592 	 1.4295 	 	 0.4557 	 	 0.9040 	 0.7484 	 1.4336 	 	 0.4675
[2024/02/01 00:12:13] - 47 	 65.2 	 	 12.3 	 	 0.1000 	 0.8704 	 0.7618 	 1.4289 	 	 0.4576 	 	 0.9111 	 0.7231 	 1.4342 	 	 0.4561
[2024/02/01 00:13:31] - 48 	 65.1 	 	 12.3 	 	 0.1000 	 0.8665 	 0.7651 	 1.4261 	 	 0.4575 	 	 0.8905 	 0.7274 	 1.4525 	 	 0.4440
[2024/02/01 00:14:48] - 49 	 65.0 	 	 12.3 	 	 0.1000 	 0.8652 	 0.7607 	 1.4225 	 	 0.4571 	 	 0.8527 	 0.7180 	 1.4408 	 	 0.4556
[2024/02/01 00:16:06] - 50 	 65.0 	 	 12.3 	 	 0.1000 	 0.8608 	 0.7638 	 1.4214 	 	 0.4588 	 	 0.8821 	 0.7409 	 1.4383 	 	 0.4654
[2024/02/01 00:17:24] - 51 	 65.1 	 	 12.3 	 	 0.1000 	 0.8563 	 0.7671 	 1.4189 	 	 0.4602 	 	 0.9140 	 0.7207 	 1.4537 	 	 0.4587
[2024/02/01 00:18:41] - 52 	 65.2 	 	 12.3 	 	 0.1000 	 0.8557 	 0.7661 	 1.4178 	 	 0.4607 	 	 0.8648 	 0.7385 	 1.4349 	 	 0.4578
[2024/02/01 00:19:58] - 53 	 65.0 	 	 12.3 	 	 0.1000 	 0.8578 	 0.7638 	 1.4181 	 	 0.4601 	 	 0.8629 	 0.7480 	 1.4459 	 	 0.4577
[2024/02/01 00:21:16] - 54 	 65.0 	 	 12.3 	 	 0.1000 	 0.8562 	 0.7688 	 1.4166 	 	 0.4590 	 	 0.8605 	 0.7192 	 1.4295 	 	 0.4611
[2024/02/01 00:22:33] - 55 	 65.0 	 	 12.3 	 	 0.1000 	 0.8513 	 0.7685 	 1.4142 	 	 0.4628 	 	 0.8517 	 0.7497 	 1.4215 	 	 0.4701
[2024/02/01 00:23:51] - 56 	 65.0 	 	 12.4 	 	 0.1000 	 0.8516 	 0.7674 	 1.4146 	 	 0.4642 	 	 0.8721 	 0.7308 	 1.4325 	 	 0.4532
[2024/02/01 00:25:09] - 57 	 65.3 	 	 12.3 	 	 0.1000 	 0.8498 	 0.7698 	 1.4138 	 	 0.4604 	 	 0.8603 	 0.7483 	 1.4110 	 	 0.4756
[2024/02/01 00:26:26] - 58 	 65.1 	 	 12.3 	 	 0.1000 	 0.8509 	 0.7669 	 1.4142 	 	 0.4629 	 	 0.8862 	 0.7297 	 1.4384 	 	 0.4632
[2024/02/01 00:27:44] - 59 	 65.0 	 	 12.4 	 	 0.1000 	 0.8456 	 0.7713 	 1.4090 	 	 0.4658 	 	 0.8602 	 0.7392 	 1.4215 	 	 0.4607
[2024/02/01 00:29:02] - 60 	 65.1 	 	 12.3 	 	 0.1000 	 0.8430 	 0.7716 	 1.4069 	 	 0.4621 	 	 0.8722 	 0.7262 	 1.4475 	 	 0.4565
[2024/02/01 00:30:19] - 61 	 65.1 	 	 12.3 	 	 0.1000 	 0.8490 	 0.7677 	 1.4141 	 	 0.4605 	 	 0.8949 	 0.7309 	 1.4494 	 	 0.4543
[2024/02/01 00:31:37] - 62 	 65.1 	 	 12.3 	 	 0.1000 	 0.8486 	 0.7691 	 1.4128 	 	 0.4608 	 	 0.8593 	 0.7380 	 1.4238 	 	 0.4608
[2024/02/01 00:32:54] - 63 	 64.9 	 	 12.3 	 	 0.1000 	 0.8404 	 0.7730 	 1.4051 	 	 0.4650 	 	 0.9024 	 0.7333 	 1.4309 	 	 0.4683
[2024/02/01 00:34:11] - 64 	 65.1 	 	 12.3 	 	 0.1000 	 0.8403 	 0.7721 	 1.4052 	 	 0.4652 	 	 0.8524 	 0.7314 	 1.4245 	 	 0.4621
[2024/02/01 00:35:29] - 65 	 65.1 	 	 12.3 	 	 0.1000 	 0.8362 	 0.7747 	 1.4026 	 	 0.4664 	 	 0.8853 	 0.7326 	 1.4821 	 	 0.4468
[2024/02/01 00:36:46] - 66 	 65.1 	 	 12.4 	 	 0.1000 	 0.8413 	 0.7717 	 1.4047 	 	 0.4649 	 	 0.8487 	 0.7470 	 1.4240 	 	 0.4680
[2024/02/01 00:38:04] - 67 	 65.1 	 	 12.3 	 	 0.1000 	 0.8360 	 0.7751 	 1.4039 	 	 0.4648 	 	 0.8740 	 0.7400 	 1.4145 	 	 0.4807
[2024/02/01 00:39:22] - 68 	 65.1 	 	 12.3 	 	 0.1000 	 0.8377 	 0.7748 	 1.4030 	 	 0.4659 	 	 0.8696 	 0.7378 	 1.4374 	 	 0.4584
[2024/02/01 00:40:39] - 69 	 65.1 	 	 12.3 	 	 0.1000 	 0.8342 	 0.7764 	 1.3997 	 	 0.4669 	 	 0.8758 	 0.7341 	 1.4279 	 	 0.4613
[2024/02/01 00:41:57] - 70 	 65.1 	 	 12.3 	 	 0.1000 	 0.8354 	 0.7751 	 1.4015 	 	 0.4652 	 	 0.8335 	 0.7571 	 1.4311 	 	 0.4658
[2024/02/01 00:43:15] - 71 	 65.0 	 	 12.3 	 	 0.1000 	 0.8323 	 0.7758 	 1.4009 	 	 0.4662 	 	 0.8486 	 0.7465 	 1.4264 	 	 0.4600
[2024/02/01 00:44:32] - 72 	 65.2 	 	 12.3 	 	 0.1000 	 0.8318 	 0.7762 	 1.3979 	 	 0.4681 	 	 0.8701 	 0.7387 	 1.4368 	 	 0.4557
[2024/02/01 00:45:49] - 73 	 65.1 	 	 12.3 	 	 0.1000 	 0.8334 	 0.7786 	 1.4024 	 	 0.4664 	 	 0.8944 	 0.7166 	 1.4230 	 	 0.4712
[2024/02/01 00:47:07] - 74 	 65.1 	 	 12.3 	 	 0.1000 	 0.8342 	 0.7745 	 1.4021 	 	 0.4648 	 	 0.9041 	 0.7432 	 1.4475 	 	 0.4625
[2024/02/01 00:48:24] - 75 	 65.1 	 	 12.3 	 	 0.1000 	 0.8326 	 0.7770 	 1.3983 	 	 0.4672 	 	 0.8258 	 0.7642 	 1.4035 	 	 0.4710
[2024/02/01 00:49:41] - 76 	 65.0 	 	 12.3 	 	 0.1000 	 0.8389 	 0.7751 	 1.4043 	 	 0.4634 	 	 0.8648 	 0.7425 	 1.4013 	 	 0.4823
[2024/02/01 00:50:59] - 77 	 65.2 	 	 12.3 	 	 0.1000 	 0.8354 	 0.7741 	 1.4018 	 	 0.4650 	 	 0.8582 	 0.7436 	 1.4063 	 	 0.4770
[2024/02/01 00:52:17] - 78 	 65.0 	 	 12.3 	 	 0.1000 	 0.8257 	 0.7789 	 1.3956 	 	 0.4653 	 	 0.8635 	 0.7470 	 1.4067 	 	 0.4739
[2024/02/01 00:53:34] - 79 	 65.0 	 	 12.3 	 	 0.1000 	 0.8289 	 0.7790 	 1.3963 	 	 0.4677 	 	 0.8894 	 0.7303 	 1.4307 	 	 0.4631
[2024/02/01 00:54:52] - 80 	 65.0 	 	 12.3 	 	 0.1000 	 0.8316 	 0.7778 	 1.4008 	 	 0.4664 	 	 0.8587 	 0.7557 	 1.4370 	 	 0.4595
[2024/02/01 00:56:10] - 81 	 65.1 	 	 12.4 	 	 0.1000 	 0.8275 	 0.7789 	 1.3977 	 	 0.4663 	 	 0.8683 	 0.7430 	 1.4375 	 	 0.4588
[2024/02/01 00:57:27] - 82 	 65.1 	 	 12.3 	 	 0.1000 	 0.8321 	 0.7800 	 1.4001 	 	 0.4653 	 	 0.8398 	 0.7393 	 1.4091 	 	 0.4617
[2024/02/01 00:58:44] - 83 	 65.1 	 	 12.3 	 	 0.1000 	 0.8238 	 0.7790 	 1.3948 	 	 0.4690 	 	 0.8723 	 0.7277 	 1.4348 	 	 0.4548
[2024/02/01 01:00:02] - 84 	 65.0 	 	 12.3 	 	 0.1000 	 0.8229 	 0.7816 	 1.3927 	 	 0.4648 	 	 0.8475 	 0.7548 	 1.4201 	 	 0.4662
[2024/02/01 01:01:19] - 85 	 65.1 	 	 12.3 	 	 0.1000 	 0.8265 	 0.7795 	 1.3963 	 	 0.4680 	 	 0.8783 	 0.7417 	 1.4208 	 	 0.4770
[2024/02/01 01:02:37] - 86 	 65.1 	 	 12.3 	 	 0.1000 	 0.8242 	 0.7799 	 1.3936 	 	 0.4708 	 	 0.8246 	 0.7565 	 1.4325 	 	 0.4571
[2024/02/01 01:03:54] - 87 	 65.1 	 	 12.4 	 	 0.1000 	 0.8264 	 0.7774 	 1.3955 	 	 0.4653 	 	 0.8241 	 0.7656 	 1.4052 	 	 0.4767
[2024/02/01 01:05:11] - 88 	 65.1 	 	 12.3 	 	 0.1000 	 0.8232 	 0.7815 	 1.3926 	 	 0.4693 	 	 0.8551 	 0.7292 	 1.4662 	 	 0.4498
[2024/02/01 01:06:29] - 89 	 65.1 	 	 12.3 	 	 0.1000 	 0.8238 	 0.7804 	 1.3938 	 	 0.4677 	 	 0.8975 	 0.7404 	 1.4247 	 	 0.4728
[2024/02/01 01:07:47] - 90 	 65.0 	 	 12.3 	 	 0.1000 	 0.8233 	 0.7797 	 1.3933 	 	 0.4688 	 	 0.8634 	 0.7520 	 1.4235 	 	 0.4701
[2024/02/01 01:09:04] - 91 	 65.0 	 	 12.3 	 	 0.1000 	 0.8225 	 0.7795 	 1.3896 	 	 0.4700 	 	 0.8445 	 0.7366 	 1.3854 	 	 0.4815
[2024/02/01 01:10:22] - 92 	 65.1 	 	 12.3 	 	 0.1000 	 0.8209 	 0.7787 	 1.3898 	 	 0.4705 	 	 0.8630 	 0.7379 	 1.4410 	 	 0.4635
[2024/02/01 01:11:39] - 93 	 65.0 	 	 12.3 	 	 0.1000 	 0.8217 	 0.7818 	 1.3929 	 	 0.4713 	 	 0.8991 	 0.7132 	 1.4457 	 	 0.4619
[2024/02/01 01:12:57] - 94 	 65.1 	 	 12.3 	 	 0.1000 	 0.8194 	 0.7829 	 1.3889 	 	 0.4707 	 	 0.8345 	 0.7512 	 1.4177 	 	 0.4728
[2024/02/01 01:14:14] - 95 	 65.2 	 	 12.3 	 	 0.1000 	 0.8209 	 0.7800 	 1.3911 	 	 0.4691 	 	 0.8868 	 0.7139 	 1.4282 	 	 0.4604
[2024/02/01 01:15:31] - 96 	 65.1 	 	 12.3 	 	 0.1000 	 0.8213 	 0.7797 	 1.3913 	 	 0.4696 	 	 0.8326 	 0.7599 	 1.4051 	 	 0.4690
[2024/02/01 01:16:49] - 97 	 65.0 	 	 12.4 	 	 0.1000 	 0.8205 	 0.7829 	 1.3897 	 	 0.4707 	 	 0.8568 	 0.7452 	 1.4207 	 	 0.4633
[2024/02/01 01:18:06] - 98 	 65.1 	 	 12.3 	 	 0.1000 	 0.8193 	 0.7819 	 1.3910 	 	 0.4698 	 	 0.8554 	 0.7352 	 1.4154 	 	 0.4677
[2024/02/01 01:19:23] - 99 	 65.0 	 	 12.3 	 	 0.0100 	 0.8195 	 0.7811 	 1.3914 	 	 0.4675 	 	 0.8245 	 0.7461 	 1.4454 	 	 0.4630
[2024/02/01 01:20:42] - 100 	 65.1 	 	 12.4 	 	 0.0100 	 0.7019 	 0.8200 	 1.1967 	 	 0.5373 	 	 0.6869 	 0.7974 	 1.2780 	 	 0.5182
[2024/02/01 01:22:00] - 101 	 65.1 	 	 12.3 	 	 0.0100 	 0.6256 	 0.8393 	 1.1322 	 	 0.5580 	 	 0.6513 	 0.8143 	 1.2453 	 	 0.5255
[2024/02/01 01:23:17] - 102 	 65.0 	 	 12.3 	 	 0.0100 	 0.5981 	 0.8483 	 1.1070 	 	 0.5660 	 	 0.6306 	 0.8190 	 1.2461 	 	 0.5272
[2024/02/01 01:24:35] - 103 	 65.0 	 	 12.3 	 	 0.0100 	 0.5777 	 0.8558 	 1.0868 	 	 0.5734 	 	 0.6251 	 0.8212 	 1.2350 	 	 0.5311
[2024/02/01 01:25:53] - 104 	 65.1 	 	 12.4 	 	 0.0100 	 0.5593 	 0.8619 	 1.0688 	 	 0.5775 	 	 0.6202 	 0.8246 	 1.2599 	 	 0.5265
[2024/02/01 01:27:10] - 105 	 65.0 	 	 12.3 	 	 0.0100 	 0.5437 	 0.8668 	 1.0530 	 	 0.5841 	 	 0.6188 	 0.8199 	 1.2468 	 	 0.5271
[2024/02/01 01:28:28] - 106 	 65.1 	 	 12.3 	 	 0.0100 	 0.5316 	 0.8718 	 1.0444 	 	 0.5873 	 	 0.5792 	 0.8319 	 1.2724 	 	 0.5175
[2024/02/01 01:29:45] - 107 	 65.0 	 	 12.3 	 	 0.0100 	 0.5192 	 0.8757 	 1.0303 	 	 0.5919 	 	 0.5824 	 0.8285 	 1.2617 	 	 0.5240
[2024/02/01 01:31:02] - 108 	 65.1 	 	 12.3 	 	 0.0100 	 0.5107 	 0.8781 	 1.0226 	 	 0.5912 	 	 0.5830 	 0.8291 	 1.2794 	 	 0.5183
[2024/02/01 01:32:20] - 109 	 65.1 	 	 12.3 	 	 0.0100 	 0.5017 	 0.8812 	 1.0134 	 	 0.5968 	 	 0.6069 	 0.8184 	 1.2728 	 	 0.5266
[2024/02/01 01:33:38] - 110 	 65.1 	 	 12.3 	 	 0.0100 	 0.4916 	 0.8850 	 1.0062 	 	 0.5981 	 	 0.6221 	 0.8150 	 1.2666 	 	 0.5249
[2024/02/01 01:34:55] - 111 	 65.0 	 	 12.3 	 	 0.0100 	 0.4802 	 0.8907 	 0.9952 	 	 0.6017 	 	 0.5723 	 0.8364 	 1.2779 	 	 0.5235
[2024/02/01 01:36:13] - 112 	 65.0 	 	 12.3 	 	 0.0100 	 0.4730 	 0.8920 	 0.9890 	 	 0.6033 	 	 0.5756 	 0.8295 	 1.2886 	 	 0.5198
[2024/02/01 01:37:30] - 113 	 65.1 	 	 12.3 	 	 0.0100 	 0.4647 	 0.8945 	 0.9793 	 	 0.6079 	 	 0.6020 	 0.8132 	 1.2982 	 	 0.5158
[2024/02/01 01:38:47] - 114 	 65.1 	 	 12.3 	 	 0.0100 	 0.4590 	 0.8957 	 0.9776 	 	 0.6077 	 	 0.5763 	 0.8268 	 1.2912 	 	 0.5162
[2024/02/01 01:40:05] - 115 	 65.1 	 	 12.3 	 	 0.0100 	 0.4519 	 0.8988 	 0.9683 	 	 0.6092 	 	 0.6100 	 0.8246 	 1.3258 	 	 0.5100
[2024/02/01 01:41:22] - 116 	 65.1 	 	 12.4 	 	 0.0100 	 0.4472 	 0.9011 	 0.9637 	 	 0.6119 	 	 0.5984 	 0.8216 	 1.2691 	 	 0.5234
[2024/02/01 01:42:39] - 117 	 65.0 	 	 12.3 	 	 0.0100 	 0.4400 	 0.9032 	 0.9574 	 	 0.6124 	 	 0.5826 	 0.8307 	 1.3074 	 	 0.5203
[2024/02/01 01:43:57] - 118 	 65.1 	 	 12.3 	 	 0.0100 	 0.4363 	 0.9053 	 0.9552 	 	 0.6121 	 	 0.5911 	 0.8308 	 1.2963 	 	 0.5202
[2024/02/01 01:45:14] - 119 	 65.0 	 	 12.3 	 	 0.0100 	 0.4311 	 0.9063 	 0.9491 	 	 0.6142 	 	 0.5668 	 0.8361 	 1.3415 	 	 0.5145
[2024/02/01 01:46:32] - 120 	 65.0 	 	 12.3 	 	 0.0100 	 0.4244 	 0.9091 	 0.9438 	 	 0.6153 	 	 0.5786 	 0.8340 	 1.3387 	 	 0.5086
[2024/02/01 01:47:50] - 121 	 65.1 	 	 12.3 	 	 0.0100 	 0.4181 	 0.9117 	 0.9376 	 	 0.6180 	 	 0.5536 	 0.8335 	 1.3510 	 	 0.5132
[2024/02/01 01:49:07] - 122 	 65.1 	 	 12.3 	 	 0.0100 	 0.4129 	 0.9133 	 0.9333 	 	 0.6194 	 	 0.5585 	 0.8311 	 1.3862 	 	 0.5040
[2024/02/01 01:50:24] - 123 	 65.0 	 	 12.3 	 	 0.0100 	 0.4114 	 0.9124 	 0.9334 	 	 0.6207 	 	 0.6071 	 0.8160 	 1.3265 	 	 0.5114
[2024/02/01 01:51:42] - 124 	 65.1 	 	 12.4 	 	 0.0100 	 0.4082 	 0.9147 	 0.9302 	 	 0.6212 	 	 0.5652 	 0.8285 	 1.3628 	 	 0.5074
[2024/02/01 01:52:59] - 125 	 65.2 	 	 12.3 	 	 0.0100 	 0.4017 	 0.9158 	 0.9227 	 	 0.6214 	 	 0.5547 	 0.8305 	 1.3859 	 	 0.5003
[2024/02/01 01:54:17] - 126 	 65.1 	 	 12.3 	 	 0.0100 	 0.3978 	 0.9174 	 0.9212 	 	 0.6212 	 	 0.5667 	 0.8297 	 1.3587 	 	 0.5062
[2024/02/01 01:55:34] - 127 	 65.1 	 	 12.3 	 	 0.0100 	 0.3952 	 0.9176 	 0.9132 	 	 0.6278 	 	 0.5838 	 0.8220 	 1.3548 	 	 0.5096
[2024/02/01 01:56:52] - 128 	 65.2 	 	 12.3 	 	 0.0100 	 0.3903 	 0.9200 	 0.9093 	 	 0.6276 	 	 0.5755 	 0.8296 	 1.3881 	 	 0.4981
[2024/02/01 01:58:09] - 129 	 65.1 	 	 12.3 	 	 0.0100 	 0.3867 	 0.9219 	 0.9102 	 	 0.6279 	 	 0.6047 	 0.8280 	 1.3515 	 	 0.5079
[2024/02/01 01:59:27] - 130 	 65.1 	 	 12.3 	 	 0.0100 	 0.3828 	 0.9228 	 0.9023 	 	 0.6305 	 	 0.5604 	 0.8310 	 1.4044 	 	 0.4945
[2024/02/01 02:00:45] - 131 	 65.0 	 	 12.3 	 	 0.0100 	 0.3802 	 0.9237 	 0.9018 	 	 0.6305 	 	 0.5732 	 0.8137 	 1.4016 	 	 0.5019
[2024/02/01 02:02:02] - 132 	 65.1 	 	 12.3 	 	 0.0100 	 0.3766 	 0.9250 	 0.8999 	 	 0.6316 	 	 0.5506 	 0.8307 	 1.3871 	 	 0.5034
[2024/02/01 02:03:19] - 133 	 65.1 	 	 12.4 	 	 0.0100 	 0.3722 	 0.9257 	 0.8917 	 	 0.6327 	 	 0.5635 	 0.8235 	 1.4301 	 	 0.4939
[2024/02/01 02:04:37] - 134 	 65.1 	 	 12.3 	 	 0.0100 	 0.3697 	 0.9270 	 0.8882 	 	 0.6332 	 	 0.5836 	 0.8217 	 1.4203 	 	 0.5033
[2024/02/01 02:05:54] - 135 	 65.0 	 	 12.3 	 	 0.0100 	 0.3623 	 0.9296 	 0.8836 	 	 0.6340 	 	 0.5633 	 0.8231 	 1.4084 	 	 0.4981
[2024/02/01 02:07:11] - 136 	 65.1 	 	 12.3 	 	 0.0100 	 0.3609 	 0.9294 	 0.8816 	 	 0.6354 	 	 0.5489 	 0.8404 	 1.3936 	 	 0.4967
[2024/02/01 02:08:29] - 137 	 65.1 	 	 12.3 	 	 0.0100 	 0.3569 	 0.9307 	 0.8765 	 	 0.6367 	 	 0.5588 	 0.8282 	 1.4427 	 	 0.4991
[2024/02/01 02:09:46] - 138 	 65.0 	 	 12.3 	 	 0.0100 	 0.3561 	 0.9325 	 0.8768 	 	 0.6351 	 	 0.5675 	 0.8287 	 1.3843 	 	 0.5060
[2024/02/01 02:11:04] - 139 	 65.1 	 	 12.3 	 	 0.0100 	 0.3515 	 0.9333 	 0.8707 	 	 0.6386 	 	 0.5482 	 0.8371 	 1.4194 	 	 0.4970
[2024/02/01 02:12:22] - 140 	 65.0 	 	 12.3 	 	 0.0100 	 0.3459 	 0.9343 	 0.8624 	 	 0.6419 	 	 0.5465 	 0.8327 	 1.4934 	 	 0.4812
[2024/02/01 02:13:39] - 141 	 65.1 	 	 12.3 	 	 0.0100 	 0.3450 	 0.9358 	 0.8654 	 	 0.6400 	 	 0.5527 	 0.8377 	 1.4483 	 	 0.4918
[2024/02/01 02:14:57] - 142 	 65.1 	 	 12.3 	 	 0.0100 	 0.3409 	 0.9359 	 0.8627 	 	 0.6426 	 	 0.5315 	 0.8402 	 1.4762 	 	 0.4808
[2024/02/01 02:16:14] - 143 	 65.1 	 	 12.3 	 	 0.0100 	 0.3368 	 0.9375 	 0.8532 	 	 0.6422 	 	 0.5508 	 0.8274 	 1.5161 	 	 0.4832
[2024/02/01 02:17:31] - 144 	 65.0 	 	 12.4 	 	 0.0100 	 0.3362 	 0.9374 	 0.8567 	 	 0.6422 	 	 0.5568 	 0.8286 	 1.4527 	 	 0.4863
[2024/02/01 02:18:49] - 145 	 65.1 	 	 12.3 	 	 0.0100 	 0.3310 	 0.9396 	 0.8482 	 	 0.6471 	 	 0.5397 	 0.8374 	 1.4624 	 	 0.4912
[2024/02/01 02:20:06] - 146 	 65.1 	 	 12.3 	 	 0.0100 	 0.3304 	 0.9395 	 0.8471 	 	 0.6466 	 	 0.5558 	 0.8304 	 1.4867 	 	 0.4890
[2024/02/01 02:21:24] - 147 	 65.1 	 	 12.4 	 	 0.0100 	 0.3270 	 0.9414 	 0.8435 	 	 0.6472 	 	 0.5598 	 0.8308 	 1.4763 	 	 0.4818
[2024/02/01 02:22:41] - 148 	 65.1 	 	 12.3 	 	 0.0100 	 0.3196 	 0.9419 	 0.8332 	 	 0.6524 	 	 0.5571 	 0.8318 	 1.4488 	 	 0.4891
[2024/02/01 02:23:58] - 149 	 65.0 	 	 12.3 	 	 0.0010 	 0.3180 	 0.9432 	 0.8323 	 	 0.6501 	 	 0.5472 	 0.8277 	 1.4588 	 	 0.4912
[2024/02/01 02:25:17] - 150 	 65.1 	 	 12.3 	 	 0.0010 	 0.2856 	 0.9497 	 0.7050 	 	 0.7070 	 	 0.5036 	 0.8479 	 1.4831 	 	 0.4967
[2024/02/01 02:26:34] - 151 	 65.0 	 	 12.3 	 	 0.0010 	 0.2509 	 0.9578 	 0.6517 	 	 0.7253 	 	 0.4948 	 0.8469 	 1.5451 	 	 0.4916
[2024/02/01 02:27:51] - 152 	 65.1 	 	 12.3 	 	 0.0010 	 0.2359 	 0.9606 	 0.6297 	 	 0.7336 	 	 0.4846 	 0.8492 	 1.5517 	 	 0.4907
[2024/02/01 02:29:09] - 153 	 65.0 	 	 12.3 	 	 0.0010 	 0.2267 	 0.9627 	 0.6145 	 	 0.7378 	 	 0.4883 	 0.8449 	 1.5301 	 	 0.4964
[2024/02/01 02:30:26] - 154 	 65.1 	 	 12.4 	 	 0.0010 	 0.2192 	 0.9646 	 0.6042 	 	 0.7410 	 	 0.4823 	 0.8525 	 1.5427 	 	 0.4923
[2024/02/01 02:31:44] - 155 	 65.1 	 	 12.3 	 	 0.0010 	 0.2133 	 0.9656 	 0.5933 	 	 0.7462 	 	 0.5125 	 0.8426 	 1.5266 	 	 0.4929
[2024/02/01 02:33:01] - 156 	 65.1 	 	 12.3 	 	 0.0010 	 0.2065 	 0.9671 	 0.5830 	 	 0.7491 	 	 0.4934 	 0.8473 	 1.5817 	 	 0.4940
[2024/02/01 02:34:18] - 157 	 65.1 	 	 12.3 	 	 0.0010 	 0.2024 	 0.9660 	 0.5786 	 	 0.7516 	 	 0.5006 	 0.8461 	 1.5773 	 	 0.4893
[2024/02/01 02:35:36] - 158 	 65.1 	 	 12.3 	 	 0.0010 	 0.1987 	 0.9692 	 0.5705 	 	 0.7538 	 	 0.4857 	 0.8483 	 1.5987 	 	 0.4874
[2024/02/01 02:36:53] - 159 	 65.1 	 	 12.3 	 	 0.0010 	 0.1937 	 0.9697 	 0.5629 	 	 0.7568 	 	 0.5059 	 0.8456 	 1.6660 	 	 0.4770
[2024/02/01 02:38:12] - 160 	 65.0 	 	 12.4 	 	 0.0010 	 0.1893 	 0.9705 	 0.5567 	 	 0.7592 	 	 0.4817 	 0.8472 	 1.6809 	 	 0.4809
[2024/02/01 02:39:29] - 161 	 65.1 	 	 12.3 	 	 0.0010 	 0.1854 	 0.9713 	 0.5487 	 	 0.7625 	 	 0.5043 	 0.8424 	 1.7665 	 	 0.4688
